2024-07-08 11:14:09.2843 Error Error has been raised. Exception: NLog.NLogConfigurationException: Target 'console' not found for logging rule: *.
2024-07-08 11:14:09.2843 Error Exception when loading configuration C:\Практика\HeartbeatApp\HeartbeatApp\bin\Debug\net8.0\NLog.config Exception: NLog.NLogConfigurationException: Target 'console' not found for logging rule: *.
   at NLog.Config.LoggingConfigurationParser.ParseLoggingRuleTargets(String writeTargets, LoggingRule rule)
   at NLog.Config.LoggingConfigurationParser.ParseRuleElement(ValidatedConfigurationElement loggerElement)
   at NLog.Config.LoggingConfigurationParser.ParseRulesElement(ValidatedConfigurationElement rulesElement, IList`1 rulesCollection)
   at NLog.Config.LoggingConfigurationParser.LoadConfig(ILoggingConfigurationElement nlogConfig, String basePath)
   at NLog.Config.XmlLoggingConfiguration.ParseNLogElement(ILoggingConfigurationElement nlogElement, String filePath, Boolean autoReloadDefault)
   at NLog.Config.XmlLoggingConfiguration.ParseTopLevel(XmlLoggingConfigurationElement content, String filePath, Boolean autoReloadDefault)
   at NLog.Config.XmlLoggingConfiguration.Initialize(XmlReader reader, String fileName, Boolean ignoreErrors)
2024-07-08 11:14:09.2973 Error Error has been raised. Exception: NLog.NLogConfigurationException: Exception when loading configuration C:\Практика\HeartbeatApp\HeartbeatApp\bin\Debug\net8.0\NLog.config
 ---> NLog.NLogConfigurationException: Target 'console' not found for logging rule: *.
   at NLog.Config.LoggingConfigurationParser.ParseLoggingRuleTargets(String writeTargets, LoggingRule rule)
   at NLog.Config.LoggingConfigurationParser.ParseRuleElement(ValidatedConfigurationElement loggerElement)
   at NLog.Config.LoggingConfigurationParser.ParseRulesElement(ValidatedConfigurationElement rulesElement, IList`1 rulesCollection)
   at NLog.Config.LoggingConfigurationParser.LoadConfig(ILoggingConfigurationElement nlogConfig, String basePath)
   at NLog.Config.XmlLoggingConfiguration.ParseNLogElement(ILoggingConfigurationElement nlogElement, String filePath, Boolean autoReloadDefault)
   at NLog.Config.XmlLoggingConfiguration.ParseTopLevel(XmlLoggingConfigurationElement content, String filePath, Boolean autoReloadDefault)
   at NLog.Config.XmlLoggingConfiguration.Initialize(XmlReader reader, String fileName, Boolean ignoreErrors)
   --- End of inner exception stack trace ---
   at NLog.Config.XmlLoggingConfiguration.Initialize(XmlReader reader, String fileName, Boolean ignoreErrors)
   at NLog.Config.XmlLoggingConfiguration..ctor(XmlReader reader, String fileName, LogFactory logFactory)
   at NLog.Config.LoggingConfigurationFileLoader.LoadXmlLoggingConfiguration(XmlReader xmlReader, String configFile, LogFactory logFactory)
2024-07-08 11:14:09.2973 Error Failed loading from config file location: C:\Практика\HeartbeatApp\HeartbeatApp\bin\Debug\net8.0\NLog.config Exception: NLog.NLogConfigurationException: Exception when loading configuration C:\Практика\HeartbeatApp\HeartbeatApp\bin\Debug\net8.0\NLog.config
 ---> NLog.NLogConfigurationException: Target 'console' not found for logging rule: *.
   at NLog.Config.LoggingConfigurationParser.ParseLoggingRuleTargets(String writeTargets, LoggingRule rule)
   at NLog.Config.LoggingConfigurationParser.ParseRuleElement(ValidatedConfigurationElement loggerElement)
   at NLog.Config.LoggingConfigurationParser.ParseRulesElement(ValidatedConfigurationElement rulesElement, IList`1 rulesCollection)
   at NLog.Config.LoggingConfigurationParser.LoadConfig(ILoggingConfigurationElement nlogConfig, String basePath)
   at NLog.Config.XmlLoggingConfiguration.ParseNLogElement(ILoggingConfigurationElement nlogElement, String filePath, Boolean autoReloadDefault)
   at NLog.Config.XmlLoggingConfiguration.ParseTopLevel(XmlLoggingConfigurationElement content, String filePath, Boolean autoReloadDefault)
   at NLog.Config.XmlLoggingConfiguration.Initialize(XmlReader reader, String fileName, Boolean ignoreErrors)
   --- End of inner exception stack trace ---
   at NLog.Config.XmlLoggingConfiguration.Initialize(XmlReader reader, String fileName, Boolean ignoreErrors)
   at NLog.Config.XmlLoggingConfiguration..ctor(XmlReader reader, String fileName, LogFactory logFactory)
   at NLog.Config.LoggingConfigurationFileLoader.LoadXmlLoggingConfiguration(XmlReader xmlReader, String configFile, LogFactory logFactory)
   at NLog.Config.LoggingConfigurationFileLoader.LoadXmlLoggingConfigurationFile(LogFactory logFactory, String configFile)
   at NLog.Config.LoggingConfigurationFileLoader.TryLoadLoggingConfiguration(LogFactory logFactory, String configFile, LoggingConfiguration& config)
2024-07-09 16:48:04.2429 Warn FileTarget(Name=file): Failed to create file appender: C:\Практика\HeartbeatApp\HeartbeatApp\bin\Debug\net8.0\logs/logfile.log Exception: System.IO.IOException: The process cannot access the file 'C:\Практика\HeartbeatApp\HeartbeatApp\bin\Debug\net8.0\logs\logfile.log' because it is being used by another process.
   at Microsoft.Win32.SafeHandles.SafeFileHandle.CreateFile(String fullPath, FileMode mode, FileAccess access, FileShare share, FileOptions options)
   at Microsoft.Win32.SafeHandles.SafeFileHandle.Open(String fullPath, FileMode mode, FileAccess access, FileShare share, FileOptions options, Int64 preallocationSize, Nullable`1 unixCreateMode)
   at System.IO.Strategies.OSFileStreamStrategy..ctor(String path, FileMode mode, FileAccess access, FileShare share, FileOptions options, Int64 preallocationSize, Nullable`1 unixCreateMode)
   at System.IO.Strategies.FileStreamHelpers.ChooseStrategyCore(String path, FileMode mode, FileAccess access, FileShare share, FileOptions options, Int64 preallocationSize, Nullable`1 unixCreateMode)
   at System.IO.FileStream..ctor(String path, FileMode mode, FileAccess access, FileShare share, Int32 bufferSize)
   at NLog.Internal.FileAppenders.BaseFileAppender.TryCreateFileStream(Boolean allowFileSharedWriting, Int32 overrideBufferSize)
   at NLog.Internal.FileAppenders.BaseFileAppender.TryCreateDirectoryFileStream(Boolean allowFileSharedWriting, Int32 overrideBufferSize)
   at NLog.Internal.FileAppenders.BaseFileAppender.CreateFileStream(Boolean allowFileSharedWriting, Int32 overrideBufferSize)
   at NLog.Internal.FileAppenders.SingleProcessFileAppender..ctor(String fileName, ICreateFileParameters parameters)
   at NLog.Internal.FileAppenders.SingleProcessFileAppender.Factory.NLog.Internal.FileAppenders.IFileAppenderFactory.Open(String fileName, ICreateFileParameters parameters)
   at NLog.Internal.FileAppenders.FileAppenderCache.CreateAppender(String fileName, Int32 freeSpot)
2024-07-09 16:48:04.2429 Warn FileTarget(Name=file): Failed to create file appender: C:\Практика\HeartbeatApp\HeartbeatApp\bin\Debug\net8.0\logs/logfile.log Exception: System.IO.IOException: The process cannot access the file 'C:\Практика\HeartbeatApp\HeartbeatApp\bin\Debug\net8.0\logs\logfile.log' because it is being used by another process.
   at Microsoft.Win32.SafeHandles.SafeFileHandle.CreateFile(String fullPath, FileMode mode, FileAccess access, FileShare share, FileOptions options)
   at Microsoft.Win32.SafeHandles.SafeFileHandle.Open(String fullPath, FileMode mode, FileAccess access, FileShare share, FileOptions options, Int64 preallocationSize, Nullable`1 unixCreateMode)
   at System.IO.Strategies.OSFileStreamStrategy..ctor(String path, FileMode mode, FileAccess access, FileShare share, FileOptions options, Int64 preallocationSize, Nullable`1 unixCreateMode)
   at System.IO.Strategies.FileStreamHelpers.ChooseStrategyCore(String path, FileMode mode, FileAccess access, FileShare share, FileOptions options, Int64 preallocationSize, Nullable`1 unixCreateMode)
   at System.IO.FileStream..ctor(String path, FileMode mode, FileAccess access, FileShare share, Int32 bufferSize)
   at NLog.Internal.FileAppenders.BaseFileAppender.TryCreateFileStream(Boolean allowFileSharedWriting, Int32 overrideBufferSize)
   at NLog.Internal.FileAppenders.BaseFileAppender.TryCreateDirectoryFileStream(Boolean allowFileSharedWriting, Int32 overrideBufferSize)
   at NLog.Internal.FileAppenders.BaseFileAppender.CreateFileStream(Boolean allowFileSharedWriting, Int32 overrideBufferSize)
   at NLog.Internal.FileAppenders.SingleProcessFileAppender..ctor(String fileName, ICreateFileParameters parameters)
   at NLog.Internal.FileAppenders.SingleProcessFileAppender.Factory.NLog.Internal.FileAppenders.IFileAppenderFactory.Open(String fileName, ICreateFileParameters parameters)
   at NLog.Internal.FileAppenders.FileAppenderCache.CreateAppender(String fileName, Int32 freeSpot)
2024-07-09 16:48:04.2429 Warn FileTarget(Name=file): Failed to create file appender: C:\Практика\HeartbeatApp\HeartbeatApp\bin\Debug\net8.0\logs/logfile.log Exception: System.IO.IOException: The process cannot access the file 'C:\Практика\HeartbeatApp\HeartbeatApp\bin\Debug\net8.0\logs\logfile.log' because it is being used by another process.
   at Microsoft.Win32.SafeHandles.SafeFileHandle.CreateFile(String fullPath, FileMode mode, FileAccess access, FileShare share, FileOptions options)
   at Microsoft.Win32.SafeHandles.SafeFileHandle.Open(String fullPath, FileMode mode, FileAccess access, FileShare share, FileOptions options, Int64 preallocationSize, Nullable`1 unixCreateMode)
   at System.IO.Strategies.OSFileStreamStrategy..ctor(String path, FileMode mode, FileAccess access, FileShare share, FileOptions options, Int64 preallocationSize, Nullable`1 unixCreateMode)
   at System.IO.Strategies.FileStreamHelpers.ChooseStrategyCore(String path, FileMode mode, FileAccess access, FileShare share, FileOptions options, Int64 preallocationSize, Nullable`1 unixCreateMode)
   at System.IO.FileStream..ctor(String path, FileMode mode, FileAccess access, FileShare share, Int32 bufferSize)
   at NLog.Internal.FileAppenders.BaseFileAppender.TryCreateFileStream(Boolean allowFileSharedWriting, Int32 overrideBufferSize)
   at NLog.Internal.FileAppenders.BaseFileAppender.TryCreateDirectoryFileStream(Boolean allowFileSharedWriting, Int32 overrideBufferSize)
   at NLog.Internal.FileAppenders.BaseFileAppender.CreateFileStream(Boolean allowFileSharedWriting, Int32 overrideBufferSize)
   at NLog.Internal.FileAppenders.SingleProcessFileAppender..ctor(String fileName, ICreateFileParameters parameters)
   at NLog.Internal.FileAppenders.SingleProcessFileAppender.Factory.NLog.Internal.FileAppenders.IFileAppenderFactory.Open(String fileName, ICreateFileParameters parameters)
   at NLog.Internal.FileAppenders.FileAppenderCache.CreateAppender(String fileName, Int32 freeSpot)
2024-07-09 16:48:04.2429 Warn FileTarget(Name=file): Failed to create file appender: C:\Практика\HeartbeatApp\HeartbeatApp\bin\Debug\net8.0\logs/logfile.log Exception: System.IO.IOException: The process cannot access the file 'C:\Практика\HeartbeatApp\HeartbeatApp\bin\Debug\net8.0\logs\logfile.log' because it is being used by another process.
   at Microsoft.Win32.SafeHandles.SafeFileHandle.CreateFile(String fullPath, FileMode mode, FileAccess access, FileShare share, FileOptions options)
   at Microsoft.Win32.SafeHandles.SafeFileHandle.Open(String fullPath, FileMode mode, FileAccess access, FileShare share, FileOptions options, Int64 preallocationSize, Nullable`1 unixCreateMode)
   at System.IO.Strategies.OSFileStreamStrategy..ctor(String path, FileMode mode, FileAccess access, FileShare share, FileOptions options, Int64 preallocationSize, Nullable`1 unixCreateMode)
   at System.IO.Strategies.FileStreamHelpers.ChooseStrategyCore(String path, FileMode mode, FileAccess access, FileShare share, FileOptions options, Int64 preallocationSize, Nullable`1 unixCreateMode)
   at System.IO.FileStream..ctor(String path, FileMode mode, FileAccess access, FileShare share, Int32 bufferSize)
   at NLog.Internal.FileAppenders.BaseFileAppender.TryCreateFileStream(Boolean allowFileSharedWriting, Int32 overrideBufferSize)
   at NLog.Internal.FileAppenders.BaseFileAppender.TryCreateDirectoryFileStream(Boolean allowFileSharedWriting, Int32 overrideBufferSize)
   at NLog.Internal.FileAppenders.BaseFileAppender.CreateFileStream(Boolean allowFileSharedWriting, Int32 overrideBufferSize)
   at NLog.Internal.FileAppenders.SingleProcessFileAppender..ctor(String fileName, ICreateFileParameters parameters)
   at NLog.Internal.FileAppenders.SingleProcessFileAppender.Factory.NLog.Internal.FileAppenders.IFileAppenderFactory.Open(String fileName, ICreateFileParameters parameters)
   at NLog.Internal.FileAppenders.FileAppenderCache.CreateAppender(String fileName, Int32 freeSpot)
2024-07-09 16:48:34.2778 Warn FileTarget(Name=file): Failed to create file appender: C:\Практика\HeartbeatApp\HeartbeatApp\bin\Debug\net8.0\logs/logfile.log Exception: System.IO.IOException: The process cannot access the file 'C:\Практика\HeartbeatApp\HeartbeatApp\bin\Debug\net8.0\logs\logfile.log' because it is being used by another process.
   at Microsoft.Win32.SafeHandles.SafeFileHandle.CreateFile(String fullPath, FileMode mode, FileAccess access, FileShare share, FileOptions options)
   at Microsoft.Win32.SafeHandles.SafeFileHandle.Open(String fullPath, FileMode mode, FileAccess access, FileShare share, FileOptions options, Int64 preallocationSize, Nullable`1 unixCreateMode)
   at System.IO.Strategies.OSFileStreamStrategy..ctor(String path, FileMode mode, FileAccess access, FileShare share, FileOptions options, Int64 preallocationSize, Nullable`1 unixCreateMode)
   at System.IO.Strategies.FileStreamHelpers.ChooseStrategyCore(String path, FileMode mode, FileAccess access, FileShare share, FileOptions options, Int64 preallocationSize, Nullable`1 unixCreateMode)
   at System.IO.FileStream..ctor(String path, FileMode mode, FileAccess access, FileShare share, Int32 bufferSize)
   at NLog.Internal.FileAppenders.BaseFileAppender.TryCreateFileStream(Boolean allowFileSharedWriting, Int32 overrideBufferSize)
   at NLog.Internal.FileAppenders.BaseFileAppender.TryCreateDirectoryFileStream(Boolean allowFileSharedWriting, Int32 overrideBufferSize)
   at NLog.Internal.FileAppenders.BaseFileAppender.CreateFileStream(Boolean allowFileSharedWriting, Int32 overrideBufferSize)
   at NLog.Internal.FileAppenders.SingleProcessFileAppender..ctor(String fileName, ICreateFileParameters parameters)
   at NLog.Internal.FileAppenders.SingleProcessFileAppender.Factory.NLog.Internal.FileAppenders.IFileAppenderFactory.Open(String fileName, ICreateFileParameters parameters)
   at NLog.Internal.FileAppenders.FileAppenderCache.CreateAppender(String fileName, Int32 freeSpot)
2024-07-09 16:48:34.2778 Warn FileTarget(Name=file): Failed to create file appender: C:\Практика\HeartbeatApp\HeartbeatApp\bin\Debug\net8.0\logs/logfile.log Exception: System.IO.IOException: The process cannot access the file 'C:\Практика\HeartbeatApp\HeartbeatApp\bin\Debug\net8.0\logs\logfile.log' because it is being used by another process.
   at Microsoft.Win32.SafeHandles.SafeFileHandle.CreateFile(String fullPath, FileMode mode, FileAccess access, FileShare share, FileOptions options)
   at Microsoft.Win32.SafeHandles.SafeFileHandle.Open(String fullPath, FileMode mode, FileAccess access, FileShare share, FileOptions options, Int64 preallocationSize, Nullable`1 unixCreateMode)
   at System.IO.Strategies.OSFileStreamStrategy..ctor(String path, FileMode mode, FileAccess access, FileShare share, FileOptions options, Int64 preallocationSize, Nullable`1 unixCreateMode)
   at System.IO.Strategies.FileStreamHelpers.ChooseStrategyCore(String path, FileMode mode, FileAccess access, FileShare share, FileOptions options, Int64 preallocationSize, Nullable`1 unixCreateMode)
   at System.IO.FileStream..ctor(String path, FileMode mode, FileAccess access, FileShare share, Int32 bufferSize)
   at NLog.Internal.FileAppenders.BaseFileAppender.TryCreateFileStream(Boolean allowFileSharedWriting, Int32 overrideBufferSize)
   at NLog.Internal.FileAppenders.BaseFileAppender.TryCreateDirectoryFileStream(Boolean allowFileSharedWriting, Int32 overrideBufferSize)
   at NLog.Internal.FileAppenders.BaseFileAppender.CreateFileStream(Boolean allowFileSharedWriting, Int32 overrideBufferSize)
   at NLog.Internal.FileAppenders.SingleProcessFileAppender..ctor(String fileName, ICreateFileParameters parameters)
   at NLog.Internal.FileAppenders.SingleProcessFileAppender.Factory.NLog.Internal.FileAppenders.IFileAppenderFactory.Open(String fileName, ICreateFileParameters parameters)
   at NLog.Internal.FileAppenders.FileAppenderCache.CreateAppender(String fileName, Int32 freeSpot)
2024-07-09 16:48:34.2778 Warn FileTarget(Name=file): Failed to create file appender: C:\Практика\HeartbeatApp\HeartbeatApp\bin\Debug\net8.0\logs/logfile.log Exception: System.IO.IOException: The process cannot access the file 'C:\Практика\HeartbeatApp\HeartbeatApp\bin\Debug\net8.0\logs\logfile.log' because it is being used by another process.
   at Microsoft.Win32.SafeHandles.SafeFileHandle.CreateFile(String fullPath, FileMode mode, FileAccess access, FileShare share, FileOptions options)
   at Microsoft.Win32.SafeHandles.SafeFileHandle.Open(String fullPath, FileMode mode, FileAccess access, FileShare share, FileOptions options, Int64 preallocationSize, Nullable`1 unixCreateMode)
   at System.IO.Strategies.OSFileStreamStrategy..ctor(String path, FileMode mode, FileAccess access, FileShare share, FileOptions options, Int64 preallocationSize, Nullable`1 unixCreateMode)
   at System.IO.Strategies.FileStreamHelpers.ChooseStrategyCore(String path, FileMode mode, FileAccess access, FileShare share, FileOptions options, Int64 preallocationSize, Nullable`1 unixCreateMode)
   at System.IO.FileStream..ctor(String path, FileMode mode, FileAccess access, FileShare share, Int32 bufferSize)
   at NLog.Internal.FileAppenders.BaseFileAppender.TryCreateFileStream(Boolean allowFileSharedWriting, Int32 overrideBufferSize)
   at NLog.Internal.FileAppenders.BaseFileAppender.TryCreateDirectoryFileStream(Boolean allowFileSharedWriting, Int32 overrideBufferSize)
   at NLog.Internal.FileAppenders.BaseFileAppender.CreateFileStream(Boolean allowFileSharedWriting, Int32 overrideBufferSize)
   at NLog.Internal.FileAppenders.SingleProcessFileAppender..ctor(String fileName, ICreateFileParameters parameters)
   at NLog.Internal.FileAppenders.SingleProcessFileAppender.Factory.NLog.Internal.FileAppenders.IFileAppenderFactory.Open(String fileName, ICreateFileParameters parameters)
   at NLog.Internal.FileAppenders.FileAppenderCache.CreateAppender(String fileName, Int32 freeSpot)
2024-07-09 16:48:34.2778 Warn FileTarget(Name=file): Failed to create file appender: C:\Практика\HeartbeatApp\HeartbeatApp\bin\Debug\net8.0\logs/logfile.log Exception: System.IO.IOException: The process cannot access the file 'C:\Практика\HeartbeatApp\HeartbeatApp\bin\Debug\net8.0\logs\logfile.log' because it is being used by another process.
   at Microsoft.Win32.SafeHandles.SafeFileHandle.CreateFile(String fullPath, FileMode mode, FileAccess access, FileShare share, FileOptions options)
   at Microsoft.Win32.SafeHandles.SafeFileHandle.Open(String fullPath, FileMode mode, FileAccess access, FileShare share, FileOptions options, Int64 preallocationSize, Nullable`1 unixCreateMode)
   at System.IO.Strategies.OSFileStreamStrategy..ctor(String path, FileMode mode, FileAccess access, FileShare share, FileOptions options, Int64 preallocationSize, Nullable`1 unixCreateMode)
   at System.IO.Strategies.FileStreamHelpers.ChooseStrategyCore(String path, FileMode mode, FileAccess access, FileShare share, FileOptions options, Int64 preallocationSize, Nullable`1 unixCreateMode)
   at System.IO.FileStream..ctor(String path, FileMode mode, FileAccess access, FileShare share, Int32 bufferSize)
   at NLog.Internal.FileAppenders.BaseFileAppender.TryCreateFileStream(Boolean allowFileSharedWriting, Int32 overrideBufferSize)
   at NLog.Internal.FileAppenders.BaseFileAppender.TryCreateDirectoryFileStream(Boolean allowFileSharedWriting, Int32 overrideBufferSize)
   at NLog.Internal.FileAppenders.BaseFileAppender.CreateFileStream(Boolean allowFileSharedWriting, Int32 overrideBufferSize)
   at NLog.Internal.FileAppenders.SingleProcessFileAppender..ctor(String fileName, ICreateFileParameters parameters)
   at NLog.Internal.FileAppenders.SingleProcessFileAppender.Factory.NLog.Internal.FileAppenders.IFileAppenderFactory.Open(String fileName, ICreateFileParameters parameters)
   at NLog.Internal.FileAppenders.FileAppenderCache.CreateAppender(String fileName, Int32 freeSpot)
2024-07-09 16:48:45.9292 Warn Flush completed with errors Exception: System.TimeoutException: Timeout when flushing all targets, after waiting 1,5 seconds.
2024-07-09 16:48:45.9321 Warn Target flush timeout. One or more targets did not complete flush operation, skipping target close.
